[     154ms] [LOG] [Fast Refresh] rebuilding @ http://localhost:3000/_next/static/chunks/node_modules_next_dist_115brz8._.js:2477
[    2013ms] [LOG] [Fast Refresh] done in 1974ms @ http://localhost:3000/_next/static/chunks/node_modules_next_dist_115brz8._.js:2477
[    2315ms] [INFO] %cDownload the React DevTools for a better development experience: https://react.dev/link/react-devtools font-weight:bold @ http://localhost:3000/_next/static/chunks/node_modules_next_dist_115brz8._.js:2477
[    2427ms] [LOG] [HMR] connected @ http://localhost:3000/_next/static/chunks/node_modules_next_dist_115brz8._.js:2477
[    2813ms] [LOG] [Fast Refresh] rebuilding @ http://localhost:3000/_next/static/chunks/node_modules_next_dist_115brz8._.js:2477
[    3017ms] [LOG] [Fast Refresh] done in 306ms @ http://localhost:3000/_next/static/chunks/node_modules_next_dist_115brz8._.js:2477
[   26264ms] [LOG] [Fast Refresh] rebuilding @ http://localhost:3000/_next/static/chunks/node_modules_next_dist_115brz8._.js:2477
[   26282ms] [LOG] [Fast Refresh] done in 131ms @ http://localhost:3000/_next/static/chunks/node_modules_next_dist_115brz8._.js:2477
[   26833ms] [WARNING] Detected `scroll-behavior: smooth` on the `<html>` element. To disable smooth scrolling during route transitions, add `data-scroll-behavior="smooth"` to your <html> element. Learn more: https://nextjs.org/docs/messages/missing-data-scroll-behavior @ http://localhost:3000/_next/static/chunks/node_modules_next_dist_115brz8._.js:2477
[   29704ms] [LOG] [chat] Sending to API — onboarding: {"ziel":"Weiß nicht, wo wir anfangen sollen","ki_erfahrung":"Haben schon damit rumgespielt","wer_setzt_um":"Ich selbst","hindernis":"Keine Zeit uns damit zu beschäftigen","branche":"Agentur","tempo":"Diese Woche","unternehmensgroesse":"small","vorname":"Thomas","firmenname":"Pixelwerk Studio","rolle_im_unternehmen":"CEO / Geschäftsführung","memory":null} @ http://localhost:3000/_next/static/chunks/node_modules_next_dist_115brz8._.js:2477
[   29705ms] [LOG] [chat] phase: diagnose | isHiddenInit: true @ http://localhost:3000/_next/static/chunks/node_modules_next_dist_115brz8._.js:2477
[   29943ms] [LOG] [Fast Refresh] rebuilding @ http://localhost:3000/_next/static/chunks/node_modules_next_dist_115brz8._.js:2477
[   33108ms] [LOG] [Fast Refresh] done in 3265ms @ http://localhost:3000/_next/static/chunks/node_modules_next_dist_115brz8._.js:2477
[   33212ms] [LOG] [Fast Refresh] rebuilding @ http://localhost:3000/_next/static/chunks/node_modules_next_dist_115brz8._.js:2477
[   33245ms] [LOG] [Fast Refresh] done in 133ms @ http://localhost:3000/_next/static/chunks/node_modules_next_dist_115brz8._.js:2477
[   33918ms] [LOG] [agent-sync][canvas][turn] msg turn session=dbfc31e5-3ade-4f8d-964b-36182b894bd6 {"phase":"diagnose","hiddenInit":true,"userPreview":"[__klaro_system__] phase=diagnose\nHallo, lass uns starten!"} @ http://localhost:3000/_next/static/chunks/node_modules_next_dist_115brz8._.js:2477
[   33919ms] [LOG] [agent-sync][memory][turn] msg turn session=dbfc31e5-3ade-4f8d-964b-36182b894bd6 {"phase":"diagnose","hiddenInit":true} @ http://localhost:3000/_next/static/chunks/node_modules_next_dist_115brz8._.js:2477
[   33920ms] [LOG] [agent-sync][canvas][evaluate] blocked {"reason":"hidden_init","detail":"Welcome/hidden init — no sync"} @ http://localhost:3000/_next/static/chunks/node_modules_next_dist_115brz8._.js:2477
[   36519ms] [LOG] [agent-sync][canvas][skip] auto_sync not run {"reason":"hidden_init","detail":"Welcome/hidden init — no sync"} @ http://localhost:3000/_next/static/chunks/node_modules_next_dist_115brz8._.js:2477
[   36520ms] [LOG] [agent-sync][memory][skip] hidden init — no memory extract @ http://localhost:3000/_next/static/chunks/node_modules_next_dist_115brz8._.js:2477
