[     114ms] [LOG] [Fast Refresh] rebuilding @ http://localhost:3000/_next/static/chunks/node_modules_next_dist_115brz8._.js:2477
[     592ms] [LOG] [Fast Refresh] done in 580ms @ http://localhost:3000/_next/static/chunks/node_modules_next_dist_115brz8._.js:2477
[     676ms] [INFO] %cDownload the React DevTools for a better development experience: https://react.dev/link/react-devtools font-weight:bold @ http://localhost:3000/_next/static/chunks/node_modules_next_dist_115brz8._.js:2477
[     707ms] [LOG] [HMR] connected @ http://localhost:3000/_next/static/chunks/node_modules_next_dist_115brz8._.js:2477
[   61707ms] [LOG] [chat] Sending to API — onboarding: {"ziel":"Weiß nicht, wo wir anfangen sollen","ki_erfahrung":"Haben schon damit rumgespielt","wer_setzt_um":"Noch unklar","hindernis":"Keine Zeit uns damit zu beschäftigen · Wir wissen nicht, wo wir anfangen sollen","branche":"Beratung","tempo":"Diese Woche","unternehmensgroesse":"small","vorname":null,"firmenname":null,"rolle_im_unternehmen":null,"memory":null} @ http://localhost:3000/_next/static/chunks/node_modules_next_dist_115brz8._.js:2477
[   61707ms] [LOG] [chat] phase: umsetzung | isHiddenInit: false @ http://localhost:3000/_next/static/chunks/node_modules_next_dist_115brz8._.js:2477
[   61822ms] [LOG] [Fast Refresh] rebuilding @ http://localhost:3000/_next/static/chunks/node_modules_next_dist_115brz8._.js:2477
[   62640ms] [LOG] [Fast Refresh] done in 926ms @ http://localhost:3000/_next/static/chunks/node_modules_next_dist_115brz8._.js:2477
[   63862ms] [LOG] [agent-sync][canvas][turn] msg turn session=6ea8d3c5-0550-4be9-b977-062c2a059245 {"phase":"umsetzung","hiddenInit":false,"userPreview":"1"} @ http://localhost:3000/_next/static/chunks/node_modules_next_dist_115brz8._.js:2477
[   63862ms] [LOG] [agent-sync][memory][turn] msg turn session=6ea8d3c5-0550-4be9-b977-062c2a059245 {"phase":"umsetzung","hiddenInit":false} @ http://localhost:3000/_next/static/chunks/node_modules_next_dist_115brz8._.js:2477
[   63862ms] [LOG] [agent-sync][canvas][evaluate] blocked {"reason":"umsetzung_no_worker","detail":"phase=umsetzung — canvas via build_workflow only"} @ http://localhost:3000/_next/static/chunks/node_modules_next_dist_115brz8._.js:2477
[   66722ms] [ERROR] Failed to load resource: the server responded with a status of 404 (Not Found) @ http://localhost:3000/api/n8n/icon?path=n8n-nodes-base%2Fdist%2Fnodes%2FIf%2FIf.svg:0
[   66723ms] [ERROR] Failed to load resource: the server responded with a status of 404 (Not Found) @ http://localhost:3000/api/n8n/icon?path=n8n-nodes-base%2Fdist%2Fnodes%2FFacebookGraphApi%2FFacebookGraphApi.svg:0
[   67400ms] [ERROR] Failed to load resource: the server responded with a status of 404 (Not Found) @ http://localhost:3000/api/n8n/icon?path=n8n-nodes-base%2Fdist%2Fnodes%2FIf%2Fif.svg:0
[   67511ms] [ERROR] Failed to load resource: the server responded with a status of 404 (Not Found) @ http://localhost:3000/api/n8n/icon?path=n8n-nodes-base%2Fdist%2Fnodes%2FFacebookGraphApi%2FfacebookGraphApi.svg:0
[   68720ms] [LOG] [agent-sync][canvas][skip] auto_sync not run {"reason":"umsetzung_no_worker","detail":"phase=umsetzung — canvas via build_workflow only"} @ http://localhost:3000/_next/static/chunks/node_modules_next_dist_115brz8._.js:2477
[   68720ms] [LOG] [agent-sync][memory][invoke] POST /api/memory-update {"sessionId":"6ea8d3c5-0550-4be9-b977-062c2a059245","userChars":1,"assistantChars":444} @ http://localhost:3000/_next/static/chunks/node_modules_next_dist_115brz8._.js:2477
[   68859ms] [LOG] [Fast Refresh] rebuilding @ http://localhost:3000/_next/static/chunks/node_modules_next_dist_115brz8._.js:2477
[   69059ms] [LOG] [Fast Refresh] done in 305ms @ http://localhost:3000/_next/static/chunks/node_modules_next_dist_115brz8._.js:2477
[   69977ms] [LOG] [agent-sync][memory][success] memory updated {"chars":379,"reason":"new_facts_merged"} @ http://localhost:3000/_next/static/chunks/node_modules_next_dist_115brz8._.js:2477
[  365735ms] [LOG] [Fast Refresh] rebuilding @ http://localhost:3000/_next/static/chunks/node_modules_next_dist_115brz8._.js:2477
[  366029ms] [LOG] [Fast Refresh] done in 333ms @ http://localhost:3000/_next/static/chunks/node_modules_next_dist_115brz8._.js:2477
[  366132ms] [LOG] [Fast Refresh] rebuilding @ http://localhost:3000/_next/static/chunks/node_modules_next_dist_115brz8._.js:2477
[  366257ms] [LOG] [Fast Refresh] done in 226ms @ http://localhost:3000/_next/static/chunks/node_modules_next_dist_115brz8._.js:2477
[  390322ms] [LOG] [Fast Refresh] rebuilding @ http://localhost:3000/_next/static/chunks/node_modules_next_dist_115brz8._.js:2477
[  390507ms] [LOG] [Fast Refresh] done in 233ms @ http://localhost:3000/_next/static/chunks/node_modules_next_dist_115brz8._.js:2477
[  390614ms] [LOG] [Fast Refresh] rebuilding @ http://localhost:3000/_next/static/chunks/node_modules_next_dist_115brz8._.js:2477
[  390660ms] [LOG] [Fast Refresh] done in 149ms @ http://localhost:3000/_next/static/chunks/node_modules_next_dist_115brz8._.js:2477
[  390867ms] [LOG] [Fast Refresh] rebuilding @ http://localhost:3000/_next/static/chunks/node_modules_next_dist_115brz8._.js:2477
[  391013ms] [LOG] [Fast Refresh] done in 251ms @ http://localhost:3000/_next/static/chunks/node_modules_next_dist_115brz8._.js:2477
[  392013ms] [ERROR] Failed to load resource: the server responded with a status of 404 (Not Found) @ http://localhost:3000/api/n8n/icon?path=n8n-nodes-base%2Fdist%2Fnodes%2FFacebookGraphApi%2FFacebookGraphApi.svg:0
[  392044ms] [ERROR] Failed to load resource: the server responded with a status of 404 (Not Found) @ http://localhost:3000/api/n8n/icon?path=n8n-nodes-base%2Fdist%2Fnodes%2FIf%2FIf.svg:0
[  392418ms] [ERROR] Failed to load resource: the server responded with a status of 404 (Not Found) @ http://localhost:3000/api/n8n/icon?path=n8n-nodes-base%2Fdist%2Fnodes%2FIf%2Fif.svg:0
[  392462ms] [ERROR] Failed to load resource: the server responded with a status of 404 (Not Found) @ http://localhost:3000/api/n8n/icon?path=n8n-nodes-base%2Fdist%2Fnodes%2FFacebookGraphApi%2FfacebookGraphApi.svg:0
[  444259ms] [LOG] [Fast Refresh] rebuilding @ http://localhost:3000/_next/static/chunks/node_modules_next_dist_115brz8._.js:2477
[  444287ms] [LOG] [Fast Refresh] done in 132ms @ http://localhost:3000/_next/static/chunks/node_modules_next_dist_115brz8._.js:2477
[  444398ms] [LOG] [Fast Refresh] rebuilding @ http://localhost:3000/_next/static/chunks/node_modules_next_dist_115brz8._.js:2477
[  444512ms] [LOG] [Fast Refresh] done in 214ms @ http://localhost:3000/_next/static/chunks/node_modules_next_dist_115brz8._.js:2477
[  465491ms] [LOG] [Fast Refresh] rebuilding @ http://localhost:3000/_next/static/chunks/node_modules_next_dist_115brz8._.js:2477
[  465677ms] [LOG] [Fast Refresh] done in 232ms @ http://localhost:3000/_next/static/chunks/node_modules_next_dist_115brz8._.js:2477
[  465784ms] [LOG] [Fast Refresh] rebuilding @ http://localhost:3000/_next/static/chunks/node_modules_next_dist_115brz8._.js:2477
[  465940ms] [LOG] [Fast Refresh] done in 261ms @ http://localhost:3000/_next/static/chunks/node_modules_next_dist_115brz8._.js:2477
